Determining if the pthread_create exist failed with the following output:
Change Dir: /home/odroid/catkin_ws/build/CMakeFiles/CMakeTmp

Run Build Command:"/usr/bin/make" "cmTC_29def/fast"
/usr/bin/make -f CMakeFiles/cmTC_29def.dir/build.make CMakeFiles/cmTC_29def.dir/build
make[1]: Entering directory '/home/odroid/catkin_ws/build/CMakeFiles/CMakeTmp'
Building C object CMakeFiles/cmTC_29def.dir/CheckSymbolExists.c.o
/usr/bin/cc    -o CMakeFiles/cmTC_29def.dir/CheckSymbolExists.c.o   -c /home/odroid/catkin_ws/build/CMakeFiles/CMakeTmp/CheckSymbolExists.c
Linking C executable cmTC_29def
/usr/bin/cmake -E cmake_link_script CMakeFiles/cmTC_29def.dir/link.txt --verbose=1
/usr/bin/cc      -rdynamic CMakeFiles/cmTC_29def.dir/CheckSymbolExists.c.o  -o cmTC_29def 
CMakeFiles/cmTC_29def.dir/CheckSymbolExists.c.o: In function `main':
CheckSymbolExists.c:(.text+0x2c): undefined reference to `pthread_create'
collect2: error: ld returned 1 exit status
CMakeFiles/cmTC_29def.dir/build.make:97: recipe for target 'cmTC_29def' failed
make[1]: *** [cmTC_29def] Error 1
make[1]: Leaving directory '/home/odroid/catkin_ws/build/CMakeFiles/CMakeTmp'
Makefile:126: recipe for target 'cmTC_29def/fast' failed
make: *** [cmTC_29def/fast] Error 2

File /home/odroid/catkin_ws/build/CMakeFiles/CMakeTmp/CheckSymbolExists.c:
/* */
#include <pthread.h>

int main(int argc, char** argv)
{
  (void)argv;
#ifndef pthread_create
  return ((int*)(&pthread_create))[argc];
#else
  (void)argc;
  return 0;
#endif
}

Determining if the function pthread_create exists in the pthreads failed with the following output:
Change Dir: /home/odroid/catkin_ws/build/CMakeFiles/CMakeTmp

Run Build Command:"/usr/bin/make" "cmTC_dba6b/fast"
/usr/bin/make -f CMakeFiles/cmTC_dba6b.dir/build.make CMakeFiles/cmTC_dba6b.dir/build
make[1]: Entering directory '/home/odroid/catkin_ws/build/CMakeFiles/CMakeTmp'
Building C object CMakeFiles/cmTC_dba6b.dir/CheckFunctionExists.c.o
/usr/bin/cc   -DCHECK_FUNCTION_EXISTS=pthread_create   -o CMakeFiles/cmTC_dba6b.dir/CheckFunctionExists.c.o   -c /usr/share/cmake-3.10/Modules/CheckFunctionExists.c
Linking C executable cmTC_dba6b
/usr/bin/cmake -E cmake_link_script CMakeFiles/cmTC_dba6b.dir/link.txt --verbose=1
/usr/bin/cc  -DCHECK_FUNCTION_EXISTS=pthread_create    -rdynamic CMakeFiles/cmTC_dba6b.dir/CheckFunctionExists.c.o  -o cmTC_dba6b -lpthreads 
/usr/bin/ld: cannot find -lpthreads
collect2: error: ld returned 1 exit status
CMakeFiles/cmTC_dba6b.dir/build.make:97: recipe for target 'cmTC_dba6b' failed
make[1]: *** [cmTC_dba6b] Error 1
make[1]: Leaving directory '/home/odroid/catkin_ws/build/CMakeFiles/CMakeTmp'
Makefile:126: recipe for target 'cmTC_dba6b/fast' failed
make: *** [cmTC_dba6b/fast] Error 2


